{
  "stats": {
    "suites": 1,
    "tests": 2,
    "passes": 1,
    "pending": 0,
    "failures": 1,
    "start": "2021-06-18T02:54:12.381Z",
    "end": "2021-06-18T02:55:01.284Z",
    "duration": 48903,
    "testsRegistered": 2,
    "passPercent": 50,
    "pendingPercent": 0,
    "other": 0,
    "hasOther": false,
    "skipped": 0,
    "hasSkipped": false
  },
  "results": [
    {
      "uuid": "5b66d71c-1e2f-4a9f-aa90-604dff67406e",
      "title": "",
      "fullFile": "cypress/integration/examples/sample.spec.js",
      "file": "cypress/integration/examples/sample.spec.js",
      "beforeHooks": [],
      "afterHooks": [],
      "tests": [],
      "suites": [
        {
          "uuid": "f9609b6e-ae32-43a1-bd97-5dd2244532cd",
          "title": "Cypress UI Automation test",
          "fullFile": "",
          "file": "",
          "beforeHooks": [],
          "afterHooks": [],
          "tests": [
            {
              "title": "Open cypress page and check link ",
              "fullTitle": "Cypress UI Automation test Open cypress page and check link ",
              "timedOut": null,
              "duration": 12523,
              "state": "passed",
              "speed": "slow",
              "pass": true,
              "fail": false,
              "pending": false,
              "context": null,
              "code": "cy.visit(\"https://example.cypress.io\"); //cy.get(\"form\");\n//cy.get('input[name=\"q\"]').type(\"India\");\n//cy.get(\"form\").submit();\ncy.contains('type').click();\ncy.url().should('include', 'commands/actions');",
              "err": {},
              "uuid": "7c876fd1-a75c-43c4-be84-090fdadf4d35",
              "parentUUID": "f9609b6e-ae32-43a1-bd97-5dd2244532cd",
              "isHook": false,
              "skipped": false
            },
            {
              "title": "Google page and type India",
              "fullTitle": "Cypress UI Automation test Google page and type India",
              "timedOut": null,
              "duration": 13869,
              "state": "failed",
              "speed": null,
              "pass": false,
              "fail": true,
              "pending": false,
              "context": null,
              "code": "cy.visit(\"https://www.gle.com\");\ncy.get(\"form\");\ncy.get('input[name=\"q\"]').type(\"India\");\ncy.get(\"form\").submit();",
              "err": {
                "message": "AssertionError: Timed out retrying after 4000ms: Expected to find element: `input[name=\"q\"]`, but never found it.",
                "estack": "AssertionError: Timed out retrying after 4000ms: Expected to find element: `input[name=\"q\"]`, but never found it.\n    at Context.eval (https://gle.com/__cypress/tests?p=cypress\\integration\\examples\\sample.spec.js:111:8)",
                "diff": null
              },
              "uuid": "d7e12adc-a959-4690-a4d8-800e9de77ec4",
              "parentUUID": "f9609b6e-ae32-43a1-bd97-5dd2244532cd",
              "isHook": false,
              "skipped": false
            }
          ],
          "suites": [],
          "passes": [
            "7c876fd1-a75c-43c4-be84-090fdadf4d35"
          ],
          "failures": [
            "d7e12adc-a959-4690-a4d8-800e9de77ec4"
          ],
          "pending": [],
          "skipped": [],
          "duration": 26392,
          "root": false,
          "rootEmpty": false,
          "_timeout": 2000
        }
      ],
      "passes": [],
      "failures": [],
      "pending": [],
      "skipped": [],
      "duration": 0,
      "root": true,
      "rootEmpty": true,
      "_timeout": 2000
    }
  ],
  "meta": {
    "mocha": {
      "version": "7.0.1"
    },
    "mochawesome": {
      "options": {
        "quiet": false,
        "reportFilename": "mochawesome",
        "saveHtml": true,
        "saveJson": true,
        "consoleReporter": "spec",
        "useInlineDiffs": false,
        "code": true
      },
      "version": "6.2.2"
    },
    "marge": {
      "options": {
        "reportDir": "cypress/report/mochawesome-report",
        "overwrite": "true",
        "html": "true",
        "json": "true",
        "timestamp": "mmddyyyy-HHMMss"
      },
      "version": "5.2.0"
    }
  }
}