{
  "stats": {
    "suites": 1,
    "tests": 2,
    "passes": 2,
    "pending": 0,
    "failures": 0,
    "start": "2021-06-17T15:12:29.145Z",
    "end": "2021-06-17T15:12:46.297Z",
    "duration": 17152,
    "testsRegistered": 2,
    "passPercent": 100,
    "pendingPercent": 0,
    "other": 0,
    "hasOther": false,
    "skipped": 0,
    "hasSkipped": false
  },
  "results": [
    {
      "uuid": "966340bc-f601-478b-bf7a-ef9e7fc016ed",
      "title": "",
      "fullFile": "cypress/integration/examples/sample.spec.js",
      "file": "cypress/integration/examples/sample.spec.js",
      "beforeHooks": [],
      "afterHooks": [],
      "tests": [],
      "suites": [
        {
          "uuid": "d0f4795c-7373-4b8d-b289-ca6f3de07f8a",
          "title": "Form test",
          "fullFile": "",
          "file": "",
          "beforeHooks": [],
          "afterHooks": [],
          "tests": [
            {
              "title": "1.first - cypress test case",
              "fullTitle": "Form test 1.first - cypress test case",
              "timedOut": null,
              "duration": 2846,
              "state": "passed",
              "speed": "slow",
              "pass": true,
              "fail": false,
              "pending": false,
              "context": null,
              "code": "cy.visit(\"https://example.cypress.io\"); //cy.get(\"form\");\n//cy.get('input[name=\"q\"]').type(\"India\");\n//cy.get(\"form\").submit();\ncy.contains('type').click();\ncy.url().should('include', 'commands/actions');",
              "err": {},
              "uuid": "86cf3b86-1049-4615-860d-fc8eb332b9a2",
              "parentUUID": "d0f4795c-7373-4b8d-b289-ca6f3de07f8a",
              "isHook": false,
              "skipped": false
            },
            {
              "title": "2.second google page",
              "fullTitle": "Form test 2.second google page",
              "timedOut": null,
              "duration": 9400,
              "state": "passed",
              "speed": "slow",
              "pass": true,
              "fail": false,
              "pending": false,
              "context": null,
              "code": "cy.visit(\"https://www.google.com\");\ncy.get(\"form\");\ncy.get('input[name=\"q\"]').type(\"India\");\ncy.get(\"form\").submit();",
              "err": {},
              "uuid": "a4eb2441-00ef-40b3-b621-a9dbf9aac738",
              "parentUUID": "d0f4795c-7373-4b8d-b289-ca6f3de07f8a",
              "isHook": false,
              "skipped": false
            }
          ],
          "suites": [],
          "passes": [
            "86cf3b86-1049-4615-860d-fc8eb332b9a2",
            "a4eb2441-00ef-40b3-b621-a9dbf9aac738"
          ],
          "failures": [],
          "pending": [],
          "skipped": [],
          "duration": 12246,
          "root": false,
          "rootEmpty": false,
          "_timeout": 2000
        }
      ],
      "passes": [],
      "failures": [],
      "pending": [],
      "skipped": [],
      "duration": 0,
      "root": true,
      "rootEmpty": true,
      "_timeout": 2000
    }
  ],
  "meta": {
    "mocha": {
      "version": "7.0.1"
    },
    "mochawesome": {
      "options": {
        "quiet": false,
        "reportFilename": "mochawesome",
        "saveHtml": true,
        "saveJson": true,
        "consoleReporter": "spec",
        "useInlineDiffs": false,
        "code": true
      },
      "version": "6.2.2"
    },
    "marge": {
      "options": {
        "reportDir": "cypress/report/mochawesome-report",
        "overwrite": "true",
        "html": "true",
        "json": "true",
        "reporterEnabled": "mochawesome"
      },
      "version": "5.2.0"
    }
  }
}